error: uncaughtException: winston is not defined
ReferenceError: winston is not defined
    at NODE_ENV (file:///C:/Users/DELL/OneDrive/Documents/BackEnd-Tuto/NodeJs%20-%20With%20Mosh/Vidly%20Project/startup/settings.js:13:11)
    at file:///C:/Users/DELL/OneDrive/Documents/BackEnd-Tuto/NodeJs%20-%20With%20Mosh/Vidly%20Project/app.js:28:1
    at ModuleJob.run (node:internal/modules/esm/module_job:152:23)
    at async Loader.import (node:internal/modules/esm/loader:166:24)
    at async Object.loadESM (node:internal/process/esm_loader:68:5) {"error":{},"stack":"ReferenceError: winston is not defined\n    at NODE_ENV (file:///C:/Users/DELL/OneDrive/Documents/BackEnd-Tuto/NodeJs%20-%20With%20Mosh/Vidly%20Project/startup/settings.js:13:11)\n    at file:///C:/Users/DELL/OneDrive/Documents/BackEnd-Tuto/NodeJs%20-%20With%20Mosh/Vidly%20Project/app.js:28:1\n    at ModuleJob.run (node:internal/modules/esm/module_job:152:23)\n    at async Loader.import (node:internal/modules/esm/loader:166:24)\n    at async Object.loadESM (node:internal/process/esm_loader:68:5)","exception":true,"date":"Mon Jan 04 2021 15:36:04 GMT+0100 (West Africa Standard Time)","process":{"pid":12348,"uid":null,"gid":null,"cwd":"C:\\Users\\DELL\\OneDrive\\Documents\\BackEnd-Tuto\\NodeJs - With Mosh\\Vidly Project","execPath":"C:\\Program Files\\nodejs\\node.exe","version":"v15.5.0","argv":["C:\\Program Files\\nodejs\\node.exe","C:\\Users\\DELL\\OneDrive\\Documents\\BackEnd-Tuto\\NodeJs - With Mosh\\Vidly Project\\app.js"],"memoryUsage":{"rss":79818752,"heapTotal":55582720,"heapUsed":37400496,"external":22331878,"arrayBuffers":19036127}},"os":{"loadavg":[0,0,0],"uptime":88857},"trace":[{"column":11,"file":"file:///C:/Users/DELL/OneDrive/Documents/BackEnd-Tuto/NodeJs%20-%20With%20Mosh/Vidly%20Project/startup/settings.js","function":"NODE_ENV","line":13,"method":null,"native":false},{"column":1,"file":"file:///C:/Users/DELL/OneDrive/Documents/BackEnd-Tuto/NodeJs%20-%20With%20Mosh/Vidly%20Project/app.js","function":null,"line":28,"method":null,"native":false},{"column":23,"file":"node:internal/modules/esm/module_job","function":"ModuleJob.run","line":152,"method":"run","native":false},{"column":24,"file":"node:internal/modules/esm/loader","function":"async Loader.import","line":166,"method":"import","native":false},{"column":5,"file":"node:internal/process/esm_loader","function":"async Object.loadESM","line":68,"method":"loadESM","native":false}]}
error: uncaughtException: winston is not defined
ReferenceError: winston is not defined
    at NODE_ENV (file:///C:/Users/DELL/OneDrive/Documents/BackEnd-Tuto/NodeJs%20-%20With%20Mosh/Vidly%20Project/startup/settings.js:13:11)
    at file:///C:/Users/DELL/OneDrive/Documents/BackEnd-Tuto/NodeJs%20-%20With%20Mosh/Vidly%20Project/app.js:28:1
    at ModuleJob.run (node:internal/modules/esm/module_job:152:23)
    at async Loader.import (node:internal/modules/esm/loader:166:24)
    at async Object.loadESM (node:internal/process/esm_loader:68:5) {"error":{},"stack":"ReferenceError: winston is not defined\n    at NODE_ENV (file:///C:/Users/DELL/OneDrive/Documents/BackEnd-Tuto/NodeJs%20-%20With%20Mosh/Vidly%20Project/startup/settings.js:13:11)\n    at file:///C:/Users/DELL/OneDrive/Documents/BackEnd-Tuto/NodeJs%20-%20With%20Mosh/Vidly%20Project/app.js:28:1\n    at ModuleJob.run (node:internal/modules/esm/module_job:152:23)\n    at async Loader.import (node:internal/modules/esm/loader:166:24)\n    at async Object.loadESM (node:internal/process/esm_loader:68:5)","exception":true,"date":"Mon Jan 04 2021 15:36:04 GMT+0100 (West Africa Standard Time)","process":{"pid":12348,"uid":null,"gid":null,"cwd":"C:\\Users\\DELL\\OneDrive\\Documents\\BackEnd-Tuto\\NodeJs - With Mosh\\Vidly Project","execPath":"C:\\Program Files\\nodejs\\node.exe","version":"v15.5.0","argv":["C:\\Program Files\\nodejs\\node.exe","C:\\Users\\DELL\\OneDrive\\Documents\\BackEnd-Tuto\\NodeJs - With Mosh\\Vidly Project\\app.js"],"memoryUsage":{"rss":79818752,"heapTotal":55582720,"heapUsed":37400496,"external":22331878,"arrayBuffers":19036127}},"os":{"loadavg":[0,0,0],"uptime":88857},"trace":[{"column":11,"file":"file:///C:/Users/DELL/OneDrive/Documents/BackEnd-Tuto/NodeJs%20-%20With%20Mosh/Vidly%20Project/startup/settings.js","function":"NODE_ENV","line":13,"method":null,"native":false},{"column":1,"file":"file:///C:/Users/DELL/OneDrive/Documents/BackEnd-Tuto/NodeJs%20-%20With%20Mosh/Vidly%20Project/app.js","function":null,"line":28,"method":null,"native":false},{"column":23,"file":"node:internal/modules/esm/module_job","function":"ModuleJob.run","line":152,"method":"run","native":false},{"column":24,"file":"node:internal/modules/esm/loader","function":"async Loader.import","line":166,"method":"import","native":false},{"column":5,"file":"node:internal/process/esm_loader","function":"async Object.loadESM","line":68,"method":"loadESM","native":false}]}
error: uncaughtException: winston is not defined
ReferenceError: winston is not defined
    at NODE_ENV (file:///C:/Users/DELL/OneDrive/Documents/BackEnd-Tuto/NodeJs%20-%20With%20Mosh/Vidly%20Project/startup/settings.js:13:11)
    at file:///C:/Users/DELL/OneDrive/Documents/BackEnd-Tuto/NodeJs%20-%20With%20Mosh/Vidly%20Project/app.js:28:1
    at ModuleJob.run (node:internal/modules/esm/module_job:152:23)
    at async Loader.import (node:internal/modules/esm/loader:166:24)
